[2023-12-09T05:04:45.279+0000] {taskinstance.py:1157} INFO - Dependencies all met for dep_context=non-requeueable deps ti=<TaskInstance: spark_airflow_dag.spark_submit_task manual__2023-12-09T05:04:44.377578+00:00 [queued]>
[2023-12-09T05:04:45.285+0000] {taskinstance.py:1157} INFO - Dependencies all met for dep_context=requeueable deps ti=<TaskInstance: spark_airflow_dag.spark_submit_task manual__2023-12-09T05:04:44.377578+00:00 [queued]>
[2023-12-09T05:04:45.285+0000] {taskinstance.py:1359} INFO - Starting attempt 1 of 1
[2023-12-09T05:04:45.292+0000] {taskinstance.py:1380} INFO - Executing <Task(SparkSubmitOperator): spark_submit_task> on 2023-12-09 05:04:44.377578+00:00
[2023-12-09T05:04:45.295+0000] {standard_task_runner.py:57} INFO - Started process 2553 to run task
[2023-12-09T05:04:45.298+0000] {standard_task_runner.py:84} INFO - Running: ['airflow', 'tasks', 'run', 'spark_airflow_dag', 'spark_submit_task', 'manual__2023-12-09T05:04:44.377578+00:00', '--job-id', '4', '--raw', '--subdir', 'DAGS_FOLDER/spark-dag-example.py', '--cfg-path', '/tmp/tmpdcakj68p']
[2023-12-09T05:04:45.300+0000] {standard_task_runner.py:85} INFO - Job 4: Subtask spark_submit_task
[2023-12-09T05:04:45.324+0000] {logging_mixin.py:151} WARNING - /home/airflow/.local/lib/python3.9/site-packages/airflow/settings.py:195 DeprecationWarning: The sql_alchemy_conn option in [core] has been moved to the sql_alchemy_conn option in [database] - the old setting has been used, but please update your config.
[2023-12-09T05:04:45.352+0000] {task_command.py:415} INFO - Running <TaskInstance: spark_airflow_dag.spark_submit_task manual__2023-12-09T05:04:44.377578+00:00 [running]> on host dataeng-airflow-scheduler
[2023-12-09T05:04:45.409+0000] {taskinstance.py:1660} INFO - Exporting env vars: AIRFLOW_CTX_DAG_OWNER='dibimbing' AIRFLOW_CTX_DAG_ID='spark_airflow_dag' AIRFLOW_CTX_TASK_ID='spark_submit_task' AIRFLOW_CTX_EXECUTION_DATE='2023-12-09T05:04:44.377578+00:00' AIRFLOW_CTX_TRY_NUMBER='1' AIRFLOW_CTX_DAG_RUN_ID='manual__2023-12-09T05:04:44.377578+00:00'
[2023-12-09T05:04:45.430+0000] {base.py:73} INFO - Using connection ID 'spark_tgs' for task execution.
[2023-12-09T05:04:45.431+0000] {spark_submit.py:351} INFO - Spark-Submit cmd: spark-submit --master spark://dataeng-spark-master:7077 --name arrow-spark /spark-scripts/spark-example.py
[2023-12-09T05:04:47.454+0000] {spark_submit.py:521} INFO - 23/12/09 05:04:47 INFO SparkContext: Running Spark version 3.3.2
[2023-12-09T05:04:47.529+0000] {spark_submit.py:521} INFO - 23/12/09 05:04:47 WARN NativeCodeLoader: Unable to load native-hadoop library for your platform... using builtin-java classes where applicable
[2023-12-09T05:04:47.614+0000] {spark_submit.py:521} INFO - 23/12/09 05:04:47 INFO ResourceUtils: ==============================================================
[2023-12-09T05:04:47.615+0000] {spark_submit.py:521} INFO - 23/12/09 05:04:47 INFO ResourceUtils: No custom resources configured for spark.driver.
[2023-12-09T05:04:47.615+0000] {spark_submit.py:521} INFO - 23/12/09 05:04:47 INFO ResourceUtils: ==============================================================
[2023-12-09T05:04:47.615+0000] {spark_submit.py:521} INFO - 23/12/09 05:04:47 INFO SparkContext: Submitted application: Dibimbing
[2023-12-09T05:04:47.631+0000] {spark_submit.py:521} INFO - 23/12/09 05:04:47 INFO ResourceProfile: Default ResourceProfile created, executor resources: Map(cores -> name: cores, amount: 1, script: , vendor: , memory -> name: memory, amount: 1024, script: , vendor: , offHeap -> name: offHeap, amount: 0, script: , vendor: ), task resources: Map(cpus -> name: cpus, amount: 1.0)
[2023-12-09T05:04:47.638+0000] {spark_submit.py:521} INFO - 23/12/09 05:04:47 INFO ResourceProfile: Limiting resource is cpu
[2023-12-09T05:04:47.638+0000] {spark_submit.py:521} INFO - 23/12/09 05:04:47 INFO ResourceProfileManager: Added ResourceProfile id: 0
[2023-12-09T05:04:47.678+0000] {spark_submit.py:521} INFO - 23/12/09 05:04:47 INFO SecurityManager: Changing view acls to: airflow
[2023-12-09T05:04:47.678+0000] {spark_submit.py:521} INFO - 23/12/09 05:04:47 INFO SecurityManager: Changing modify acls to: airflow
[2023-12-09T05:04:47.679+0000] {spark_submit.py:521} INFO - 23/12/09 05:04:47 INFO SecurityManager: Changing view acls groups to:
[2023-12-09T05:04:47.679+0000] {spark_submit.py:521} INFO - 23/12/09 05:04:47 INFO SecurityManager: Changing modify acls groups to:
[2023-12-09T05:04:47.679+0000] {spark_submit.py:521} INFO - 23/12/09 05:04:47 INFO SecurityManager: SecurityManager: authentication disabled; ui acls disabled; users  with view permissions: Set(airflow); groups with view permissions: Set(); users  with modify permissions: Set(airflow); groups with modify permissions: Set()
[2023-12-09T05:04:47.955+0000] {spark_submit.py:521} INFO - 23/12/09 05:04:47 INFO Utils: Successfully started service 'sparkDriver' on port 33965.
[2023-12-09T05:04:47.988+0000] {spark_submit.py:521} INFO - 23/12/09 05:04:47 INFO SparkEnv: Registering MapOutputTracker
[2023-12-09T05:04:48.011+0000] {spark_submit.py:521} INFO - 23/12/09 05:04:48 INFO SparkEnv: Registering BlockManagerMaster
[2023-12-09T05:04:48.021+0000] {spark_submit.py:521} INFO - 23/12/09 05:04:48 INFO BlockManagerMasterEndpoint: Using org.apache.spark.storage.DefaultTopologyMapper for getting topology information
[2023-12-09T05:04:48.022+0000] {spark_submit.py:521} INFO - 23/12/09 05:04:48 INFO BlockManagerMasterEndpoint: BlockManagerMasterEndpoint up
[2023-12-09T05:04:48.024+0000] {spark_submit.py:521} INFO - 23/12/09 05:04:48 INFO SparkEnv: Registering BlockManagerMasterHeartbeat
[2023-12-09T05:04:48.038+0000] {spark_submit.py:521} INFO - 23/12/09 05:04:48 INFO DiskBlockManager: Created local directory at /tmp/blockmgr-cf4d4b72-860b-4792-8c66-c6078a5a8d84
[2023-12-09T05:04:48.048+0000] {spark_submit.py:521} INFO - 23/12/09 05:04:48 INFO MemoryStore: MemoryStore started with capacity 434.4 MiB
[2023-12-09T05:04:48.057+0000] {spark_submit.py:521} INFO - 23/12/09 05:04:48 INFO SparkEnv: Registering OutputCommitCoordinator
[2023-12-09T05:04:48.205+0000] {spark_submit.py:521} INFO - 23/12/09 05:04:48 INFO Utils: Successfully started service 'SparkUI' on port 4040.
[2023-12-09T05:04:48.239+0000] {spark_submit.py:521} INFO - 23/12/09 05:04:48 ERROR SparkContext: Failed to add /opt/bitnami/spark/jars/postgresql-42.2.18.jar to Spark environment
[2023-12-09T05:04:48.240+0000] {spark_submit.py:521} INFO - java.io.FileNotFoundException: Jar /opt/bitnami/spark/jars/postgresql-42.2.18.jar not found
[2023-12-09T05:04:48.240+0000] {spark_submit.py:521} INFO - at org.apache.spark.SparkContext.addLocalJarFile$1(SparkContext.scala:1959)
[2023-12-09T05:04:48.240+0000] {spark_submit.py:521} INFO - at org.apache.spark.SparkContext.addJar(SparkContext.scala:2014)
[2023-12-09T05:04:48.240+0000] {spark_submit.py:521} INFO - at org.apache.spark.SparkContext.$anonfun$new$12(SparkContext.scala:507)
[2023-12-09T05:04:48.241+0000] {spark_submit.py:521} INFO - at org.apache.spark.SparkContext.$anonfun$new$12$adapted(SparkContext.scala:507)
[2023-12-09T05:04:48.241+0000] {spark_submit.py:521} INFO - at scala.collection.mutable.ResizableArray.foreach(ResizableArray.scala:62)
[2023-12-09T05:04:48.241+0000] {spark_submit.py:521} INFO - at scala.collection.mutable.ResizableArray.foreach$(ResizableArray.scala:55)
[2023-12-09T05:04:48.241+0000] {spark_submit.py:521} INFO - at scala.collection.mutable.ArrayBuffer.foreach(ArrayBuffer.scala:49)
[2023-12-09T05:04:48.241+0000] {spark_submit.py:521} INFO - at org.apache.spark.SparkContext.<init>(SparkContext.scala:507)
[2023-12-09T05:04:48.242+0000] {spark_submit.py:521} INFO - at org.apache.spark.api.java.JavaSparkContext.<init>(JavaSparkContext.scala:58)
[2023-12-09T05:04:48.242+0000] {spark_submit.py:521} INFO - at java.base/jdk.internal.reflect.NativeConstructorAccessorImpl.newInstance0(Native Method)
[2023-12-09T05:04:48.242+0000] {spark_submit.py:521} INFO - at java.base/jdk.internal.reflect.NativeConstructorAccessorImpl.newInstance(NativeConstructorAccessorImpl.java:62)
[2023-12-09T05:04:48.242+0000] {spark_submit.py:521} INFO - at java.base/jdk.internal.reflect.DelegatingConstructorAccessorImpl.newInstance(DelegatingConstructorAccessorImpl.java:45)
[2023-12-09T05:04:48.242+0000] {spark_submit.py:521} INFO - at java.base/java.lang.reflect.Constructor.newInstance(Constructor.java:490)
[2023-12-09T05:04:48.242+0000] {spark_submit.py:521} INFO - at py4j.reflection.MethodInvoker.invoke(MethodInvoker.java:247)
[2023-12-09T05:04:48.243+0000] {spark_submit.py:521} INFO - at py4j.reflection.ReflectionEngine.invoke(ReflectionEngine.java:357)
[2023-12-09T05:04:48.243+0000] {spark_submit.py:521} INFO - at py4j.Gateway.invoke(Gateway.java:238)
[2023-12-09T05:04:48.243+0000] {spark_submit.py:521} INFO - at py4j.commands.ConstructorCommand.invokeConstructor(ConstructorCommand.java:80)
[2023-12-09T05:04:48.243+0000] {spark_submit.py:521} INFO - at py4j.commands.ConstructorCommand.execute(ConstructorCommand.java:69)
[2023-12-09T05:04:48.243+0000] {spark_submit.py:521} INFO - at py4j.ClientServerConnection.waitForCommands(ClientServerConnection.java:182)
[2023-12-09T05:04:48.243+0000] {spark_submit.py:521} INFO - at py4j.ClientServerConnection.run(ClientServerConnection.java:106)
[2023-12-09T05:04:48.243+0000] {spark_submit.py:521} INFO - at java.base/java.lang.Thread.run(Thread.java:829)
[2023-12-09T05:04:48.310+0000] {spark_submit.py:521} INFO - 23/12/09 05:04:48 INFO StandaloneAppClient$ClientEndpoint: Connecting to master spark://dibimbing-dataeng-spark-master:7077...
[2023-12-09T05:04:48.350+0000] {spark_submit.py:521} INFO - 23/12/09 05:04:48 INFO TransportClientFactory: Successfully created connection to dibimbing-dataeng-spark-master/172.18.0.3:7077 after 22 ms (0 ms spent in bootstraps)
[2023-12-09T05:04:48.847+0000] {spark_submit.py:521} INFO - 23/12/09 05:04:48 INFO StandaloneSchedulerBackend: Connected to Spark cluster with app ID app-20231209050448-0000
[2023-12-09T05:04:48.856+0000] {spark_submit.py:521} INFO - 23/12/09 05:04:48 INFO Utils: Successfully started service 'org.apache.spark.network.netty.NettyBlockTransferService' on port 42271.
[2023-12-09T05:04:48.857+0000] {spark_submit.py:521} INFO - 23/12/09 05:04:48 INFO NettyBlockTransferService: Server created on dataeng-airflow-scheduler:42271
[2023-12-09T05:04:48.859+0000] {spark_submit.py:521} INFO - 23/12/09 05:04:48 INFO BlockManager: Using org.apache.spark.storage.RandomBlockReplicationPolicy for block replication policy
[2023-12-09T05:04:48.865+0000] {spark_submit.py:521} INFO - 23/12/09 05:04:48 INFO BlockManagerMaster: Registering BlockManager BlockManagerId(driver, dataeng-airflow-scheduler, 42271, None)
[2023-12-09T05:04:48.870+0000] {spark_submit.py:521} INFO - 23/12/09 05:04:48 INFO BlockManagerMasterEndpoint: Registering block manager dataeng-airflow-scheduler:42271 with 434.4 MiB RAM, BlockManagerId(driver, dataeng-airflow-scheduler, 42271, None)
[2023-12-09T05:04:48.883+0000] {spark_submit.py:521} INFO - 23/12/09 05:04:48 INFO BlockManagerMaster: Registered BlockManager BlockManagerId(driver, dataeng-airflow-scheduler, 42271, None)
[2023-12-09T05:04:48.886+0000] {spark_submit.py:521} INFO - 23/12/09 05:04:48 INFO BlockManager: Initialized BlockManager: BlockManagerId(driver, dataeng-airflow-scheduler, 42271, None)
[2023-12-09T05:04:48.911+0000] {spark_submit.py:521} INFO - 23/12/09 05:04:48 INFO StandaloneAppClient$ClientEndpoint: Executor added: app-20231209050448-0000/0 on worker-20231209002013-172.18.0.4-34187 (172.18.0.4:34187) with 1 core(s)
[2023-12-09T05:04:48.914+0000] {spark_submit.py:521} INFO - 23/12/09 05:04:48 INFO StandaloneSchedulerBackend: Granted executor ID app-20231209050448-0000/0 on hostPort 172.18.0.4:34187 with 1 core(s), 1024.0 MiB RAM
[2023-12-09T05:04:49.173+0000] {spark_submit.py:521} INFO - 23/12/09 05:04:49 INFO StandaloneSchedulerBackend: SchedulerBackend is ready for scheduling beginning after reached minRegisteredResourcesRatio: 0.0
[2023-12-09T05:05:01.080+0000] {spark_submit.py:521} INFO - +----------+-----------+--------+--------+-----+-----------+--------------------+---------+-----+
[2023-12-09T05:05:01.095+0000] {spark_submit.py:521} INFO - |product_id|customer_id|order_id|quantity|price|       name|               email|     name|price|
[2023-12-09T05:05:01.100+0000] {spark_submit.py:521} INFO - +----------+-----------+--------+--------+-----+-----------+--------------------+---------+-----+
[2023-12-09T05:05:01.103+0000] {spark_submit.py:521} INFO - |         1|          1|     101|       2|19.99|   John Doe| johndoe@example.com|Product A|19.99|
[2023-12-09T05:05:01.105+0000] {spark_submit.py:521} INFO - |         2|          2|     102|       1| 9.99| Jane Smith|janesmith@example...|Product B| 9.99|
[2023-12-09T05:05:01.106+0000] {spark_submit.py:521} INFO - |         3|          3|     103|       1|15.99|Bob Johnson|bobjohnson@exampl...|Product C|15.99|
[2023-12-09T05:05:01.108+0000] {spark_submit.py:521} INFO - |         4|          1|     104|       1| 5.99|   John Doe| johndoe@example.com|Product D| 5.99|
[2023-12-09T05:05:01.111+0000] {spark_submit.py:521} INFO - |         5|          2|     105|       3|12.99| Jane Smith|janesmith@example...|Product E|12.99|
[2023-12-09T05:05:01.112+0000] {spark_submit.py:521} INFO - |         6|          3|     106|       2| 9.99|Bob Johnson|bobjohnson@exampl...|Product F| 9.99|
[2023-12-09T05:05:01.113+0000] {spark_submit.py:521} INFO - |         7|          4|     107|       1|11.99|    Sue Lee|  suelee@example.com|Product G|11.99|
[2023-12-09T05:05:01.116+0000] {spark_submit.py:521} INFO - |         8|          1|     108|       2|14.99|   John Doe| johndoe@example.com|Product H|14.99|
[2023-12-09T05:05:01.119+0000] {spark_submit.py:521} INFO - |         9|          2|     109|       1| 9.99| Jane Smith|janesmith@example...|Product I| 9.99|
[2023-12-09T05:05:01.121+0000] {spark_submit.py:521} INFO - |        10|          3|     110|       1|19.99|Bob Johnson|bobjohnson@exampl...|Product J|19.99|
[2023-12-09T05:05:01.123+0000] {spark_submit.py:521} INFO - +----------+-----------+--------+--------+-----+-----------+--------------------+---------+-----+
[2023-12-09T05:05:01.124+0000] {spark_submit.py:521} INFO - 
[2023-12-09T05:05:01.610+0000] {taskinstance.py:1398} INFO - Marking task as SUCCESS. dag_id=spark_airflow_dag, task_id=spark_submit_task, execution_date=20231209T050444, start_date=20231209T050445, end_date=20231209T050501
[2023-12-09T05:05:01.653+0000] {local_task_job_runner.py:228} INFO - Task exited with return code 0
[2023-12-09T05:05:01.675+0000] {taskinstance.py:2776} INFO - 0 downstream tasks scheduled from follow-on schedule check
